<?xml version="1.0" encoding="UTF-8"?>
<!-- Generated by org.testng.reporters.JUnitReportReporter -->
<testsuite skipped="0" hostname="MAY39" name="com.qa.test.LoginTest" tests="3" failures="0" timestamp="2020-09-10T12:15:21 GMT+07:00" time="13.486" errors="0">
  <testcase name="successLogin" time="5.063" classname="com.qa.test.LoginTest"/>
  <system-out/>
  <testcase name="invaildPassword" time="4.768" classname="com.qa.test.LoginTest"/>
  <system-out/>
  <testcase name="invaildUser" time="3.655" classname="com.qa.test.LoginTest"/>
  <system-out/>
</testsuite> <!-- com.qa.test.LoginTest -->
