<?xml version="1.0" encoding="UTF-8"?>
<!-- Generated by org.testng.reporters.JUnitReportReporter -->
<testsuite skipped="0" hostname="MAY35" name="com.qa.test.LoginTest" tests="3" failures="0" timestamp="2020-09-09T16:36:13 GMT+07:00" time="19.850" errors="0">
  <testcase name="invaildUser" time="3.451" classname="com.qa.test.LoginTest"/>
  <system-out/>
  <testcase name="invaildPassword" time="9.803" classname="com.qa.test.LoginTest"/>
  <system-out/>
  <testcase name="successLogin" time="6.596" classname="com.qa.test.LoginTest"/>
  <system-out/>
</testsuite> <!-- com.qa.test.LoginTest -->
