<?xml version="1.0" encoding="UTF-8"?>
<!-- Generated by org.testng.reporters.JUnitReportReporter -->
<testsuite skipped="0" hostname="MAY39" name="com.qa.test.LoginTest" tests="3" failures="0" timestamp="2020-09-03T15:48:14 GMT+07:00" time="10.279" errors="0">
  <testcase name="invaildPassword" time="4.924" classname="com.qa.test.LoginTest"/>
  <system-out/>
  <testcase name="invaildUser" time="2.036" classname="com.qa.test.LoginTest"/>
  <system-out/>
  <testcase name="successLogin" time="3.319" classname="com.qa.test.LoginTest"/>
  <system-out/>
</testsuite> <!-- com.qa.test.LoginTest -->
