<?xml version="1.0" encoding="UTF-8"?>
<!-- Generated by org.testng.reporters.JUnitReportReporter -->
<testsuite skipped="0" hostname="MAY39" name="com.qa.test.LoginTest" tests="3" failures="0" timestamp="2020-09-11T13:10:52 GMT+07:00" time="16.628" errors="0">
  <testcase name="invaildPassword" time="5.779" classname="com.qa.test.LoginTest"/>
  <system-out/>
  <testcase name="invaildUser" time="4.668" classname="com.qa.test.LoginTest"/>
  <system-out/>
  <testcase name="successLogin" time="6.181" classname="com.qa.test.LoginTest"/>
  <system-out/>
</testsuite> <!-- com.qa.test.LoginTest -->
