<?xml version="1.0" encoding="UTF-8"?>
<!-- Generated by org.testng.reporters.JUnitReportReporter -->
<testsuite skipped="4" hostname="MAY40" name="com.qa.test.ProductTest" tests="4" failures="0" timestamp="2020-09-12T13:48:49 GMT+07:00" time="0.001" errors="0">
  <testcase name="validateProductOnProductDetailPage" time="0.000" classname="com.qa.test.ProductTest">
    <skipped/>
  </testcase> <!-- validateProductOnProductDetailPage -->
  <system-out/>
  <testcase name="validateProductOnProductPage" time="0.001" classname="com.qa.test.ProductTest">
    <skipped/>
  </testcase> <!-- validateProductOnProductPage -->
  <system-out/>
  <testcase name="validateProductOnProductDetailPage" time="0.000" classname="com.qa.test.ProductTest">
    <skipped/>
  </testcase> <!-- validateProductOnProductDetailPage -->
  <system-out/>
  <testcase name="validateProductOnProductPage" time="0.000" classname="com.qa.test.ProductTest">
    <skipped/>
  </testcase> <!-- validateProductOnProductPage -->
  <system-out/>
</testsuite> <!-- com.qa.test.ProductTest -->
