<?xml version="1.0" encoding="UTF-8"?>
<!-- Generated by org.testng.reporters.JUnitReportReporter -->
<testsuite skipped="0" hostname="MAY39" name="com.qa.test.ProductTest" tests="1" failures="0" timestamp="2020-09-10T17:05:22 GMT+07:00" time="21.689" errors="0">
  <testcase name="validateProductOnProductDetailPage" time="21.689" classname="com.qa.test.ProductTest"/>
  <system-out/>
</testsuite> <!-- com.qa.test.ProductTest -->
